IP Upgrade report for spycat
Sat Mar 12 17:42:15 2022
Quartus Prime Version 19.1.0 Build 670 09/22/2019 Patches 0.09std,0.02std SJ Lite Edition


---------------------
; Table of Contents ;
---------------------
  1. Legal Notice
  2. IP Upgrade Summary
  3. Successfully Upgraded IP Components
  4. IP Upgrade Messages



----------------
; Legal Notice ;
----------------
Copyright (C) 2019  Intel Corporation. All rights reserved.
Your use of Intel Corporation's design tools, logic functions 
and other software and tools, and any partner logic 
functions, and any output files from any of the foregoing 
(including device programming or simulation files), and any 
associated documentation or information are expressly subject 
to the terms and conditions of the Intel Program License 
Subscription Agreement, the Intel Quartus Prime License Agreement,
the Intel FPGA IP License Agreement, or other applicable license
agreement, including, without limitation, that your use is for
the sole purpose of programming logic devices manufactured by
Intel and sold by Intel or its authorized distributors.  Please
refer to the applicable agreement for further details, at
https://fpgasoftware.intel.com/eula.



+----------------------------------------------------------------------------------------------------+
; IP Upgrade Summary                                                                                 ;
+------------------------------+---------------------------------------------------------------------+
; IP Components Upgrade Status ; Passed - Sat Mar 12 17:42:15 2022                                   ;
; Quartus Prime Version        ; 19.1.0 Build 670 09/22/2019 Patches 0.09std,0.02std SJ Lite Edition ;
; Revision Name                ; spycat                                                              ;
; Top-level Entity Name        ; spycat                                                              ;
; Family                       ; Cyclone V                                                           ;
+------------------------------+---------------------------------------------------------------------+


+-----------------------------------------------------------------------------------------------------------------------+
; Successfully Upgraded IP Components                                                                                   ;
+-------------+----------------+---------+----------------------+----------------------+----------------------+---------+
; Entity Name ; Component Name ; Version ; Original Source File ; Generation File Path ; New Source File      ; Message ;
+-------------+----------------+---------+----------------------+----------------------+----------------------+---------+
; PLL30Mhz    ; altera_pll     ; 15.1    ; sources/PLL30Mhz.qip ; sources/PLL30Mhz.vhd ; sources/PLL30Mhz.qip ;         ;
+-------------+----------------+---------+----------------------+----------------------+----------------------+---------+


+---------------------+
; IP Upgrade Messages ;
+---------------------+
Info (11902): Backing up file "sources/PLL30Mhz.vhd" to "sources/PLL30Mhz.BAK.vhd"
Info (11837): Started upgrading IP component altera_pll with file "sources/PLL30Mhz.vhd"
Info (11131): Completed upgrading IP component altera_pll with file "sources/PLL30Mhz.vhd"
Info (23030): Evaluation of Tcl script c:/intelfpga_lite/19.1/quartus/common/tcl/internal/ip_regen/ip_regen.tcl was successful
Info: Quartus Prime Shell was successful. 0 errors, 1 warning
    Info: Peak virtual memory: 4874 megabytes
    Info: Processing ended: Sat Mar 12 17:42:19 2022
    Info: Elapsed time: 00:00:29
    Info: Total CPU time (on all processors): 00:00:18


