Assembler report for spycat
Sat Mar 12 17:58:45 2022
Quartus Prime Version 19.1.0 Build 670 09/22/2019 Patches 0.09std,0.02std SJ Lite Edition


---------------------
; Table of Contents ;
---------------------
  1. Legal Notice
  2. Assembler Summary
  3. Assembler Settings
  4. Assembler Encrypted IP Cores Summary
  5. Assembler Generated Files
  6. Assembler Device Options: D:/l2b-15-something/de1-hardware/quartus/output_files/spycat.sof
  7. Assembler Messages



----------------
; Legal Notice ;
----------------
Copyright (C) 2019  Intel Corporation. All rights reserved.
Your use of Intel Corporation's design tools, logic functions 
and other software and tools, and any partner logic 
functions, and any output files from any of the foregoing 
(including device programming or simulation files), and any 
associated documentation or information are expressly subject 
to the terms and conditions of the Intel Program License 
Subscription Agreement, the Intel Quartus Prime License Agreement,
the Intel FPGA IP License Agreement, or other applicable license
agreement, including, without limitation, that your use is for
the sole purpose of programming logic devices manufactured by
Intel and sold by Intel or its authorized distributors.  Please
refer to the applicable agreement for further details, at
https://fpgasoftware.intel.com/eula.



+---------------------------------------------------------------+
; Assembler Summary                                             ;
+-----------------------+---------------------------------------+
; Assembler Status      ; Successful - Sat Mar 12 17:58:45 2022 ;
; Revision Name         ; spycat                                ;
; Top-level Entity Name ; spycat                                ;
; Family                ; Cyclone V                             ;
; Device                ; 5CSEMA5F31C6                          ;
+-----------------------+---------------------------------------+


+----------------------------------+
; Assembler Settings               ;
+--------+---------+---------------+
; Option ; Setting ; Default Value ;
+--------+---------+---------------+


+------------------------------------------------+
; Assembler Encrypted IP Cores Summary           ;
+--------+------------------------+--------------+
; Vendor ; IP Core Name           ; License Type ;
+--------+------------------------+--------------+
; Altera ; Signal Tap (6AF7 BCE1) ; Licensed     ;
; Altera ; Signal Tap (6AF7 BCEC) ; Licensed     ;
+--------+------------------------+--------------+


+------------------------------------------------------------------+
; Assembler Generated Files                                        ;
+------------------------------------------------------------------+
; File Name                                                        ;
+------------------------------------------------------------------+
; D:/l2b-15-something/de1-hardware/quartus/output_files/spycat.sof ;
+------------------------------------------------------------------+


+--------------------------------------------------------------------------------------------+
; Assembler Device Options: D:/l2b-15-something/de1-hardware/quartus/output_files/spycat.sof ;
+----------------+---------------------------------------------------------------------------+
; Option         ; Setting                                                                   ;
+----------------+---------------------------------------------------------------------------+
; JTAG usercode  ; 0x01792A8A                                                                ;
; Checksum       ; 0x01792A8A                                                                ;
+----------------+---------------------------------------------------------------------------+


+--------------------+
; Assembler Messages ;
+--------------------+
Info: *******************************************************************
Info: Running Quartus Prime Assembler
    Info: Version 19.1.0 Build 670 09/22/2019 Patches 0.09std,0.02std SJ Lite Edition
    Info: Processing started: Sat Mar 12 17:58:35 2022
Info: Command: quartus_asm --read_settings_files=off --write_settings_files=off spycat -c spycat
Warning (18236): Number of processors has not been specified which may cause overloading on shared machines.  Set the global assignment NUM_PARALLEL_PROCESSORS in your QSF to an appropriate value for best performance.
Info (115030): Assembler is generating device programming files
Warning (11713): The configuration of the Hard Processor Subsystem (HPS) within this design has changed.
The Preloader software that initializes the HPS requires an update.
Using hps_isw_handoff/CPEN391_Computer_ARM_A9_HPS/, run the Preloader Support Package Generator to update your Preloader software
Info: Quartus Prime Assembler was successful. 0 errors, 2 warnings
    Info: Peak virtual memory: 4956 megabytes
    Info: Processing ended: Sat Mar 12 17:58:45 2022
    Info: Elapsed time: 00:00:10
    Info: Total CPU time (on all processors): 00:00:09


