Flow report for spycat
Sat Mar 12 17:59:28 2022
Quartus Prime Version 19.1.0 Build 670 09/22/2019 Patches 0.09std,0.02std SJ Lite Edition


---------------------
; Table of Contents ;
---------------------
  1. Legal Notice
  2. Flow Summary
  3. Flow Settings
  4. Flow Non-Default Global Settings
  5. Flow Elapsed Time
  6. Flow OS Summary
  7. Flow Log
  8. Flow Messages
  9. Flow Suppressed Messages



----------------
; Legal Notice ;
----------------
Copyright (C) 2019  Intel Corporation. All rights reserved.
Your use of Intel Corporation's design tools, logic functions 
and other software and tools, and any partner logic 
functions, and any output files from any of the foregoing 
(including device programming or simulation files), and any 
associated documentation or information are expressly subject 
to the terms and conditions of the Intel Program License 
Subscription Agreement, the Intel Quartus Prime License Agreement,
the Intel FPGA IP License Agreement, or other applicable license
agreement, including, without limitation, that your use is for
the sole purpose of programming logic devices manufactured by
Intel and sold by Intel or its authorized distributors.  Please
refer to the applicable agreement for further details, at
https://fpgasoftware.intel.com/eula.



+-------------------------------------------------------------------------------------------------------+
; Flow Summary                                                                                          ;
+---------------------------------+---------------------------------------------------------------------+
; Flow Status                     ; Successful - Sat Mar 12 17:59:28 2022                               ;
; Quartus Prime Version           ; 19.1.0 Build 670 09/22/2019 Patches 0.09std,0.02std SJ Lite Edition ;
; Revision Name                   ; spycat                                                              ;
; Top-level Entity Name           ; spycat                                                              ;
; Family                          ; Cyclone V                                                           ;
; Device                          ; 5CSEMA5F31C6                                                        ;
; Timing Models                   ; Final                                                               ;
; Logic utilization (in ALMs)     ; 4,100 / 32,070 ( 13 % )                                             ;
; Total registers                 ; 5578                                                                ;
; Total pins                      ; 338 / 457 ( 74 % )                                                  ;
; Total virtual pins              ; 0                                                                   ;
; Total block memory bits         ; 35,968 / 4,065,280 ( < 1 % )                                        ;
; Total DSP Blocks                ; 0 / 87 ( 0 % )                                                      ;
; Total HSSI RX PCSs              ; 0                                                                   ;
; Total HSSI PMA RX Deserializers ; 0                                                                   ;
; Total HSSI TX PCSs              ; 0                                                                   ;
; Total HSSI PMA TX Serializers   ; 0                                                                   ;
; Total PLLs                      ; 1 / 6 ( 17 % )                                                      ;
; Total DLLs                      ; 1 / 4 ( 25 % )                                                      ;
+---------------------------------+---------------------------------------------------------------------+


+-----------------------------------------+
; Flow Settings                           ;
+-------------------+---------------------+
; Option            ; Setting             ;
+-------------------+---------------------+
; Start date & time ; 03/12/2022 17:53:28 ;
; Main task         ; Compilation         ;
; Revision Name     ; spycat              ;
+-------------------+---------------------+


+------------------------------------------------------------------------------------------------------------------------------------------------------------------------------------------------------------------------+
; Flow Non-Default Global Settings                                                                                                                                                                                       ;
+---------------------------------------+--------------------------------------------------------------------------------+---------------+-------------------------------------------+-----------------------------------+
; Assignment Name                       ; Value                                                                          ; Default Value ; Entity Name                               ; Section Id                        ;
+---------------------------------------+--------------------------------------------------------------------------------+---------------+-------------------------------------------+-----------------------------------+
; COMPILER_SIGNATURE_ID                 ; 92448959766318.164713640808416                                                 ; --            ; --                                        ; --                                ;
; ECO_REGENERATE_REPORT                 ; On                                                                             ; Off           ; --                                        ; --                                ;
; EDA_GENERATE_FUNCTIONAL_NETLIST       ; Off                                                                            ; --            ; --                                        ; eda_board_design_timing           ;
; EDA_GENERATE_FUNCTIONAL_NETLIST       ; Off                                                                            ; --            ; --                                        ; eda_board_design_boundary_scan    ;
; EDA_GENERATE_FUNCTIONAL_NETLIST       ; Off                                                                            ; --            ; --                                        ; eda_board_design_signal_integrity ;
; EDA_GENERATE_FUNCTIONAL_NETLIST       ; Off                                                                            ; --            ; --                                        ; eda_board_design_symbol           ;
; EDA_OUTPUT_DATA_FORMAT                ; Verilog Hdl                                                                    ; --            ; --                                        ; eda_simulation                    ;
; EDA_SIMULATION_TOOL                   ; ModelSim-Altera (Verilog)                                                      ; <None>        ; --                                        ; --                                ;
; EDA_TIME_SCALE                        ; 1 ps                                                                           ; --            ; --                                        ; eda_simulation                    ;
; HPS_ISW_FILE                          ; CPEN391_Computer/synthesis/submodules/sequencer/alt_types.pre.h                ; --            ; CPEN391_Computer_ARM_A9_HPS_hps_io_border ; --                                ;
; HPS_ISW_FILE                          ; CPEN391_Computer/synthesis/submodules/sequencer/emif.pre.xml                   ; --            ; CPEN391_Computer_ARM_A9_HPS_hps_io_border ; --                                ;
; HPS_ISW_FILE                          ; CPEN391_Computer/synthesis/submodules/sequencer/sdram_io.pre.h                 ; --            ; CPEN391_Computer_ARM_A9_HPS_hps_io_border ; --                                ;
; HPS_ISW_FILE                          ; CPEN391_Computer/synthesis/submodules/sequencer/sequencer.pre.c                ; --            ; CPEN391_Computer_ARM_A9_HPS_hps_io_border ; --                                ;
; HPS_ISW_FILE                          ; CPEN391_Computer/synthesis/submodules/sequencer/sequencer.pre.h                ; --            ; CPEN391_Computer_ARM_A9_HPS_hps_io_border ; --                                ;
; HPS_ISW_FILE                          ; CPEN391_Computer/synthesis/submodules/sequencer/sequencer_auto.pre.h           ; --            ; CPEN391_Computer_ARM_A9_HPS_hps_io_border ; --                                ;
; HPS_ISW_FILE                          ; CPEN391_Computer/synthesis/submodules/sequencer/sequencer_auto_ac_init.pre.c   ; --            ; CPEN391_Computer_ARM_A9_HPS_hps_io_border ; --                                ;
; HPS_ISW_FILE                          ; CPEN391_Computer/synthesis/submodules/sequencer/sequencer_auto_inst_init.pre.c ; --            ; CPEN391_Computer_ARM_A9_HPS_hps_io_border ; --                                ;
; HPS_ISW_FILE                          ; CPEN391_Computer/synthesis/submodules/sequencer/sequencer_defines.pre.h        ; --            ; CPEN391_Computer_ARM_A9_HPS_hps_io_border ; --                                ;
; HPS_ISW_FILE                          ; CPEN391_Computer/synthesis/submodules/sequencer/system.pre.h                   ; --            ; CPEN391_Computer_ARM_A9_HPS_hps_io_border ; --                                ;
; HPS_ISW_FILE                          ; CPEN391_Computer/synthesis/submodules/sequencer/tclrpt.pre.c                   ; --            ; CPEN391_Computer_ARM_A9_HPS_hps_io_border ; --                                ;
; HPS_ISW_FILE                          ; CPEN391_Computer/synthesis/submodules/sequencer/tclrpt.pre.h                   ; --            ; CPEN391_Computer_ARM_A9_HPS_hps_io_border ; --                                ;
; HPS_ISW_FILE                          ; CPEN391_Computer/synthesis/submodules/hps.pre.xml                              ; --            ; CPEN391_Computer_ARM_A9_HPS_hps_io_border ; --                                ;
; HPS_PARTITION                         ; On                                                                             ; --            ; CPEN391_Computer_ARM_A9_HPS_hps_io_border ; --                                ;
; MAX_CORE_JUNCTION_TEMP                ; 85                                                                             ; --            ; --                                        ; --                                ;
; MIN_CORE_JUNCTION_TEMP                ; 0                                                                              ; --            ; --                                        ; --                                ;
; MISC_FILE                             ; sources/PLL30Mhz.cmp                                                           ; --            ; --                                        ; --                                ;
; MISC_FILE                             ; CPEN391_Computer/synthesis/../CPEN391_Computer.cmp                             ; --            ; --                                        ; --                                ;
; MISC_FILE                             ; CPEN391_Computer/synthesis/../../D                                             ; --            ; --                                        ; --                                ;
; MISC_FILE                             ; CPEN391_Computer/synthesis/CPEN391_Computer_ARM_A9_HPS_hps.svd                 ; --            ; --                                        ; --                                ;
; MISC_FILE                             ; CPEN391_Computer/synthesis/../../CPEN391_Computer.qsys                         ; --            ; --                                        ; --                                ;
; MISC_FILE                             ; CPEN391_Computer/synthesis/submodules/sequencer/alt_types.pre.h                ; --            ; --                                        ; --                                ;
; MISC_FILE                             ; CPEN391_Computer/synthesis/submodules/sequencer/emif.pre.xml                   ; --            ; --                                        ; --                                ;
; MISC_FILE                             ; CPEN391_Computer/synthesis/submodules/sequencer/sdram_io.pre.h                 ; --            ; --                                        ; --                                ;
; MISC_FILE                             ; CPEN391_Computer/synthesis/submodules/sequencer/sequencer.pre.c                ; --            ; --                                        ; --                                ;
; MISC_FILE                             ; CPEN391_Computer/synthesis/submodules/sequencer/sequencer.pre.h                ; --            ; --                                        ; --                                ;
; MISC_FILE                             ; CPEN391_Computer/synthesis/submodules/sequencer/sequencer_auto.pre.h           ; --            ; --                                        ; --                                ;
; MISC_FILE                             ; CPEN391_Computer/synthesis/submodules/sequencer/sequencer_auto_ac_init.pre.c   ; --            ; --                                        ; --                                ;
; MISC_FILE                             ; CPEN391_Computer/synthesis/submodules/sequencer/sequencer_auto_inst_init.pre.c ; --            ; --                                        ; --                                ;
; MISC_FILE                             ; CPEN391_Computer/synthesis/submodules/sequencer/sequencer_defines.pre.h        ; --            ; --                                        ; --                                ;
; MISC_FILE                             ; CPEN391_Computer/synthesis/submodules/sequencer/system.pre.h                   ; --            ; --                                        ; --                                ;
; MISC_FILE                             ; CPEN391_Computer/synthesis/submodules/sequencer/tclrpt.pre.c                   ; --            ; --                                        ; --                                ;
; MISC_FILE                             ; CPEN391_Computer/synthesis/submodules/sequencer/tclrpt.pre.h                   ; --            ; --                                        ; --                                ;
; MISC_FILE                             ; CPEN391_Computer/synthesis/submodules/hps.pre.xml                              ; --            ; --                                        ; --                                ;
; MISC_FILE                             ; VGA_CLOCK_GEN.cmp                                                              ; --            ; --                                        ; --                                ;
; MISC_FILE                             ; VGA_CLOCK_GEN_sim/VGA_CLOCK_GEN.vo                                             ; --            ; --                                        ; --                                ;
; PARTITION_COLOR                       ; -- (Not supported for targeted family)                                         ; --            ; --                                        ; Top                               ;
; PARTITION_FITTER_PRESERVATION_LEVEL   ; -- (Not supported for targeted family)                                         ; --            ; --                                        ; Top                               ;
; PARTITION_NETLIST_TYPE                ; -- (Not supported for targeted family)                                         ; --            ; --                                        ; Top                               ;
; POWER_BOARD_THERMAL_MODEL             ; None (CONSERVATIVE)                                                            ; --            ; --                                        ; --                                ;
; POWER_PRESET_COOLING_SOLUTION         ; 23 MM HEAT SINK WITH 200 LFPM AIRFLOW                                          ; --            ; --                                        ; --                                ;
; PROJECT_OUTPUT_DIRECTORY              ; output_files                                                                   ; --            ; --                                        ; --                                ;
; SLD_FILE                              ; CPEN391_Computer/synthesis/CPEN391_Computer.regmap                             ; --            ; --                                        ; --                                ;
; SLD_FILE                              ; CPEN391_Computer/synthesis/CPEN391_Computer.debuginfo                          ; --            ; --                                        ; --                                ;
; SLD_INFO                              ; QSYS_NAME CPEN391_Computer HAS_SOPCINFO 1 GENERATION_ID 1647135347             ; --            ; CPEN391_Computer                          ; --                                ;
; SOPCINFO_FILE                         ; CPEN391_Computer/synthesis/../../CPEN391_Computer.sopcinfo                     ; --            ; --                                        ; --                                ;
; SPD_FILE                              ; VGA_CLOCK_GEN.spd                                                              ; --            ; --                                        ; --                                ;
; SYNTHESIS_ONLY_QIP                    ; On                                                                             ; --            ; --                                        ; --                                ;
; SYNTHESIS_ONLY_QIP                    ; On                                                                             ; --            ; --                                        ; --                                ;
; SYNTHESIS_ONLY_QIP                    ; On                                                                             ; --            ; --                                        ; --                                ;
; USE_DLL_FREQUENCY_FOR_DQS_DELAY_CHAIN ; On                                                                             ; Off           ; --                                        ; --                                ;
+---------------------------------------+--------------------------------------------------------------------------------+---------------+-------------------------------------------+-----------------------------------+


+--------------------------------------------------------------------------------------------------------------------------+
; Flow Elapsed Time                                                                                                        ;
+----------------------+--------------+-------------------------+---------------------+------------------------------------+
; Module Name          ; Elapsed Time ; Average Processors Used ; Peak Virtual Memory ; Total CPU Time (on all processors) ;
+----------------------+--------------+-------------------------+---------------------+------------------------------------+
; Analysis & Synthesis ; 00:00:50     ; 3.2                     ; 5306 MB             ; 00:02:03                           ;
; Fitter               ; 00:02:00     ; 1.2                     ; 8283 MB             ; 00:07:49                           ;
; Assembler            ; 00:00:10     ; 1.0                     ; 4956 MB             ; 00:00:09                           ;
; Timing Analyzer      ; 00:00:35     ; 1.5                     ; 5922 MB             ; 00:00:49                           ;
; EDA Netlist Writer   ; 00:00:05     ; 1.0                     ; 4953 MB             ; 00:00:05                           ;
; Total                ; 00:03:40     ; --                      ; --                  ; 00:10:55                           ;
+----------------------+--------------+-------------------------+---------------------+------------------------------------+


+-----------------------------------------------------------------------------------------+
; Flow OS Summary                                                                         ;
+----------------------+-----------------------+------------+------------+----------------+
; Module Name          ; Machine Hostname      ; OS Name    ; OS Version ; Processor type ;
+----------------------+-----------------------+------------+------------+----------------+
; Analysis & Synthesis ; yslalan-Precision5760 ; Windows 10 ; 10.0       ; x86_64         ;
; Fitter               ; yslalan-Precision5760 ; Windows 10 ; 10.0       ; x86_64         ;
; Assembler            ; yslalan-Precision5760 ; Windows 10 ; 10.0       ; x86_64         ;
; Timing Analyzer      ; yslalan-Precision5760 ; Windows 10 ; 10.0       ; x86_64         ;
; EDA Netlist Writer   ; yslalan-Precision5760 ; Windows 10 ; 10.0       ; x86_64         ;
+----------------------+-----------------------+------------+------------+----------------+


------------
; Flow Log ;
------------
quartus_map --read_settings_files=on --write_settings_files=off spycat -c spycat
quartus_fit --read_settings_files=off --write_settings_files=off spycat -c spycat
quartus_asm --read_settings_files=off --write_settings_files=off spycat -c spycat
quartus_sta spycat -c spycat
quartus_eda --read_settings_files=off --write_settings_files=off spycat -c spycat



